<?xml version="1.0" encoding="UTF-8"?>
<!-- Generated by org.testng.reporters.JUnitReportReporter -->
<testsuite hostname="MAVCHN1121108" failures="0" tests="1" name="testng.testsuite" time="0.016" errors="0" timestamp="2024-08-21T13:17:37 IST" skipped="0">
  <testcase classname="testng.testsuite" name="firstsuite" time="0.016"/>
  <system-out/>
</testsuite> <!-- testng.testsuite -->
