<?xml version="1.0" encoding="UTF-8"?>
<!-- Generated by org.testng.reporters.JUnitReportReporter -->
<testsuite hostname="MAVCHN1121108" failures="0" tests="2" name="testng.Parameterzization" time="0.011" errors="0" timestamp="2024-08-21T11:39:06 IST" skipped="0">
  <testcase classname="testng.Parameterzization" name="catexample" time="0.010"/>
  <system-out/>
  <testcase classname="testng.Parameterzization" name="example" time="0.001"/>
  <system-out/>
</testsuite> <!-- testng.Parameterzization -->
