<?xml version="1.0" encoding="UTF-8"?>
<!-- Generated by org.testng.reporters.JUnitReportReporter -->
<testsuite hostname="MAVCHN1121108" failures="0" tests="3" name="testng.dependency" time="0.007" errors="0" timestamp="2024-08-14T08:29:17 IST" skipped="0">
  <testcase classname="testng.dependency" name="third" time="0.001"/>
  <system-out/>
  <testcase classname="testng.dependency" name="first" time="0.005"/>
  <system-out/>
  <testcase classname="testng.dependency" name="second" time="0.001"/>
  <system-out/>
</testsuite> <!-- testng.dependency -->
