<?xml version="1.0" encoding="UTF-8"?>
<!-- Generated by org.testng.reporters.JUnitReportReporter -->
<testsuite hostname="MAVCHN1121108" failures="0" tests="2" name="testng.parellelexecution" time="34.520" errors="0" timestamp="2024-08-21T11:47:01 IST" skipped="0">
  <testcase classname="testng.parellelexecution" name="loginfirefox" time="16.280"/>
  <system-out/>
  <testcase classname="testng.parellelexecution" name="i_want_to_login_google" time="18.240"/>
  <system-out/>
</testsuite> <!-- testng.parellelexecution -->
