<?xml version="1.0" encoding="UTF-8"?>
<!-- Generated by org.testng.reporters.JUnitReportReporter -->
<testsuite hostname="MAVCHN1121108" failures="0" tests="1" name="testng.NewTest" time="0.007" errors="0" timestamp="2024-08-21T18:24:54 IST" skipped="0">
  <testcase classname="testng.NewTest" name="example" time="0.007"/>
  <system-out/>
</testsuite> <!-- testng.NewTest -->
