<?xml version="1.0" encoding="UTF-8"?>
<!-- Generated by org.testng.reporters.JUnitReportReporter -->
<testsuite hostname="MAVCHN1121108" failures="0" tests="3" name="testng.sample" time="0.011" errors="0" timestamp="2024-08-22T06:34:17 IST" skipped="1">
  <testcase classname="testng.sample" name="third" time="0.010"/>
  <system-out/>
  <testcase classname="testng.sample" name="first" time="0.001"/>
  <system-out/>
  <testcase classname="testng.sample" name="second">
    <skipped/>
  </testcase> <!-- second -->
  <system-out/>
</testsuite> <!-- testng.sample -->
