<?xml version="1.0" encoding="UTF-8"?>
<!-- Generated by org.testng.reporters.JUnitReportReporter -->
<testsuite hostname="MAVCHN1121108" failures="0" tests="2" name="testng.Testgrouping" time="0.002" errors="0" timestamp="2024-08-21T13:17:37 IST" skipped="0">
  <testcase classname="testng.Testgrouping" name="name1" time="0.000"/>
  <system-out/>
  <testcase classname="testng.Testgrouping" name="name2" time="0.002"/>
  <system-out/>
</testsuite> <!-- testng.Testgrouping -->
